<?xml version="1.0" encoding="UTF-8"?>
<!-- Generated by org.testng.reporters.JUnitXMLReporter -->
<testsuite hostname="HARBIR-PC" ignored="0" name="Test" tests="4" failures="0" timestamp="18 Oct 2018 16:11:21 GMT" time="0.058" errors="0">
  <testcase name="BrowserAutomation" time="0.009" classname="harbir.APITest"/>
  <testcase name="ElementsUI" time="0.0" classname="harbir.APITest"/>
  <testcase name="AndroidApp" time="0.001" classname="harbir.SeleniumTest"/>
  <testcase name="IOSApp" time="0.0" classname="harbir.SeleniumTest"/>
</testsuite> <!-- Test -->
