<?xml version="1.0" encoding="UTF-8"?>
<testng-results skipped="0" failed="0" ignored="0" total="4" passed="4">
  <reporter-output>
  </reporter-output>
  <suite name="Suite" duration-ms="58" started-at="2018-10-18T16:11:21Z" finished-at="2018-10-18T16:11:21Z">
    <groups>
    </groups>
    <test name="Test" duration-ms="58" started-at="2018-10-18T16:11:21Z" finished-at="2018-10-18T16:11:21Z">
      <class name="harbir.SeleniumTest">
        <test-method status="PASS" signature="AndroidApp()[pri:0, instance:harbir.SeleniumTest@5315b42e]" name="AndroidApp" duration-ms="1" started-at="2018-10-18T12:11:21Z" finished-at="2018-10-18T12:11:21Z">
          <reporter-output>
          </reporter-output>
        </test-method> <!-- AndroidApp -->
        <test-method status="PASS" signature="IOSApp()[pri:0, instance:harbir.SeleniumTest@5315b42e]" name="IOSApp" duration-ms="0" started-at="2018-10-18T12:11:21Z" finished-at="2018-10-18T12:11:21Z">
          <reporter-output>
          </reporter-output>
        </test-method> <!-- IOSApp -->
      </class> <!-- harbir.SeleniumTest -->
      <class name="harbir.APITest">
        <test-method status="PASS" signature="BrowserAutomation()[pri:0, instance:harbir.APITest@2c6a3f77]" name="BrowserAutomation" duration-ms="9" started-at="2018-10-18T12:11:21Z" finished-at="2018-10-18T12:11:21Z">
          <reporter-output>
          </reporter-output>
        </test-method> <!-- BrowserAutomation -->
        <test-method status="PASS" signature="ElementsUI()[pri:0, instance:harbir.APITest@2c6a3f77]" name="ElementsUI" duration-ms="0" started-at="2018-10-18T12:11:21Z" finished-at="2018-10-18T12:11:21Z">
          <reporter-output>
          </reporter-output>
        </test-method> <!-- ElementsUI -->
      </class> <!-- harbir.APITest -->
    </test> <!-- Test -->
  </suite> <!-- Suite -->
</testng-results>
